 
 -------------- celery@1f0c17e33507 v5.3.6 (emerald-rush)
--- ***** ----- 
-- ******* ---- Linux-6.6.12-linuxkit-aarch64-with-glibc2.36 2024-06-23 08:51:07
- *** --- * --- 
- ** ---------- [config]
- ** ---------- .> app:         lead_generator:0xffffa6706650
- ** ---------- .> transport:   redis://localhost:6379//
- ** ---------- .> results:     redis://localhost:6379/
- *** --- * --- .> concurrency: 8 (prefork)
-- ******* ---- .> task events: OFF (enable -E to monitor tasks in this worker)
--- ***** ----- 
 -------------- [queues]
                .> celery           exchange=celery(direct) key=celery
                

[tasks]
  . lead_generator.celery.debug_task
  . scraper.tasks.check_queued_tasks
  . scraper.tasks.scrape_leads

 
 -------------- celery@b0e4953dff65 v5.3.6 (emerald-rush)
--- ***** ----- 
-- ******* ---- Linux-6.6.12-linuxkit-aarch64-with-glibc2.36 2024-06-23 08:53:15
- *** --- * --- 
- ** ---------- [config]
- ** ---------- .> app:         lead_generator:0xffff9d1754d0
- ** ---------- .> transport:   redis://localhost:6379//
- ** ---------- .> results:     redis://localhost:6379/
- *** --- * --- .> concurrency: 8 (prefork)
-- ******* ---- .> task events: OFF (enable -E to monitor tasks in this worker)
--- ***** ----- 
 -------------- [queues]
                .> celery           exchange=celery(direct) key=celery
                

[tasks]
  . lead_generator.celery.debug_task
  . scraper.tasks.check_queued_tasks
  . scraper.tasks.scrape_leads

 
 -------------- celery@7a83bd34e8f7 v5.3.6 (emerald-rush)
--- ***** ----- 
-- ******* ---- Linux-6.6.12-linuxkit-aarch64-with-glibc2.36 2024-06-23 08:58:03
- *** --- * --- 
- ** ---------- [config]
- ** ---------- .> app:         lead_generator:0xffffaa085d50
- ** ---------- .> transport:   redis://localhost:6379//
- ** ---------- .> results:     redis://localhost:6379/
- *** --- * --- .> concurrency: 8 (prefork)
-- ******* ---- .> task events: OFF (enable -E to monitor tasks in this worker)
--- ***** ----- 
 -------------- [queues]
                .> celery           exchange=celery(direct) key=celery
                

[tasks]
  . lead_generator.celery.debug_task
  . scraper.tasks.check_queued_tasks
  . scraper.tasks.scrape_leads

 
 -------------- celery@7a83bd34e8f7 v5.3.6 (emerald-rush)
--- ***** ----- 
-- ******* ---- Linux-6.6.12-linuxkit-aarch64-with-glibc2.36 2024-06-23 09:01:33
- *** --- * --- 
- ** ---------- [config]
- ** ---------- .> app:         lead_generator:0xffffa7c45390
- ** ---------- .> transport:   redis://redis:6379//
- ** ---------- .> results:     redis://redis:6379/
- *** --- * --- .> concurrency: 8 (prefork)
-- ******* ---- .> task events: OFF (enable -E to monitor tasks in this worker)
--- ***** ----- 
 -------------- [queues]
                .> celery           exchange=celery(direct) key=celery
                

[tasks]
  . lead_generator.celery.debug_task
  . scraper.tasks.check_queued_tasks
  . scraper.tasks.scrape_leads

celery beat v5.3.6 (emerald-rush) is starting.
__    -    ... __   -        _
LocalTime -> 2024-06-23 09:03:09
Configuration ->
    . broker -> redis://redis:6379//
    . loader -> celery.loaders.app.AppLoader
    . scheduler -> celery.beat.PersistentScheduler
    . db -> celerybeat-schedule
    . logfile -> [stderr]@%INFO
    . maxinterval -> 5.00 minutes (300s)
celery beat v5.3.6 (emerald-rush) is starting.
__    -    ... __   -        _
LocalTime -> 2024-06-23 09:08:26
Configuration ->
    . broker -> redis://redis:6379//
    . loader -> celery.loaders.app.AppLoader
    . scheduler -> celery.beat.PersistentScheduler
    . db -> celerybeat-schedule
    . logfile -> [stderr]@%INFO
    . maxinterval -> 5.00 minutes (300s)
celery beat v5.3.6 (emerald-rush) is starting.
__    -    ... __   -        _
LocalTime -> 2024-06-23 09:13:18
Configuration ->
    . broker -> redis://redis:6379//
    . loader -> celery.loaders.app.AppLoader
    . scheduler -> celery.beat.PersistentScheduler
    . db -> celerybeat-schedule
    . logfile -> [stderr]@%INFO
    . maxinterval -> 5.00 minutes (300s)
celery beat v5.3.6 (emerald-rush) is starting.
__    -    ... __   -        _
LocalTime -> 2024-06-23 09:42:15
Configuration ->
    . broker -> redis://redis:6379//
    . loader -> celery.loaders.app.AppLoader
    . scheduler -> celery.beat.PersistentScheduler
    . db -> celerybeat-schedule
    . logfile -> [stderr]@%INFO
    . maxinterval -> 5.00 minutes (300s)
celery beat v5.3.6 (emerald-rush) is starting.
__    -    ... __   -        _
LocalTime -> 2024-06-23 09:57:41
Configuration ->
    . broker -> redis://redis:6379//
    . loader -> celery.loaders.app.AppLoader
    . scheduler -> celery.beat.PersistentScheduler
    . db -> celerybeat-schedule
    . logfile -> [stderr]@%INFO
    . maxinterval -> 5.00 minutes (300s)
celery beat v5.3.6 (emerald-rush) is starting.
__    -    ... __   -        _
LocalTime -> 2024-06-23 10:07:14
Configuration ->
    . broker -> redis://redis:6379//
    . loader -> celery.loaders.app.AppLoader
    . scheduler -> celery.beat.PersistentScheduler
    . db -> celerybeat-schedule
    . logfile -> [stderr]@%INFO
    . maxinterval -> 5.00 minutes (300s)
celery beat v5.3.6 (emerald-rush) is starting.
__    -    ... __   -        _
LocalTime -> 2024-06-23 10:17:01
Configuration ->
    . broker -> redis://redis:6379//
    . loader -> celery.loaders.app.AppLoader
    . scheduler -> celery.beat.PersistentScheduler
    . db -> celerybeat-schedule
    . logfile -> [stderr]@%INFO
    . maxinterval -> 5.00 minutes (300s)
celery beat v5.3.6 (emerald-rush) is starting.
__    -    ... __   -        _
LocalTime -> 2024-06-23 10:17:38
Configuration ->
    . broker -> redis://redis:6379//
    . loader -> celery.loaders.app.AppLoader
    . scheduler -> celery.beat.PersistentScheduler
    . db -> celerybeat-schedule
    . logfile -> [stderr]@%INFO
    . maxinterval -> 5.00 minutes (300s)
celery beat v5.3.6 (emerald-rush) is starting.
__    -    ... __   -        _
LocalTime -> 2024-06-23 10:20:23
Configuration ->
    . broker -> redis://redis:6379//
    . loader -> celery.loaders.app.AppLoader
    . scheduler -> celery.beat.PersistentScheduler
    . db -> celerybeat-schedule
    . logfile -> [stderr]@%INFO
    . maxinterval -> 5.00 minutes (300s)
celery beat v5.3.6 (emerald-rush) is starting.
__    -    ... __   -        _
LocalTime -> 2024-06-23 10:22:34
Configuration ->
    . broker -> redis://redis:6379//
    . loader -> celery.loaders.app.AppLoader
    . scheduler -> celery.beat.PersistentScheduler
    . db -> celerybeat-schedule
    . logfile -> [stderr]@%INFO
    . maxinterval -> 5.00 minutes (300s)
celery beat v5.3.6 (emerald-rush) is starting.
__    -    ... __   -        _
LocalTime -> 2024-06-23 10:27:00
Configuration ->
    . broker -> redis://redis:6379//
    . loader -> celery.loaders.app.AppLoader
    . scheduler -> celery.beat.PersistentScheduler
    . db -> celerybeat-schedule
    . logfile -> [stderr]@%INFO
    . maxinterval -> 5.00 minutes (300s)
